PCAD Importer Log
Project : RFM95W-915S2.LibPkg

Section : C:\Users\narde\Desktop\RFM95W-915S2.lia
    Section : PCB Library - RFM95W-915S2.PcbLib
        Section : Load Messages
            Warning - 1 : Skipping Token RFM95W-915S2 On Line 141
            Warning - 1 : Skipping Token attachedSymbol On Line 328
        EndSection

        Section : Import Messages
        EndSection
    EndSection

    Section : SCH Library - RFM95W-915S2.SchLib
        Section : Parsing Messages
            Warning - 1 : Skipping Token padStyleDef On Line 9
            Warning - 1 : Skipping Token multiLayer On Line 84
            Warning - 1 : Skipping Token layerContents On Line 102
            Warning - 1 : Skipping Token layerContents On Line 107
            Warning - 1 : Skipping Token layerContents On Line 116
            Warning - 1 : Skipping Token layerContents On Line 125
        EndSection

        Section : Generating SCH Library - RFM95W-915S2.SchLib
        EndSection
    EndSection
EndSection
