Removed Pin From Net: NetName=V_HARVEST Pin=P1-1
Removed Pin From Net: NetName=TPS_EN Pin=P1-2
Removed Pin From Net: NetName=V_HARVEST Pin=P1-3
Removed Pin From Net: NetName=GND Pin=P1-4
Removed Pin From Net: NetName=GND Pin=P1-4
Removed Pin From Net: NetName=GND Pin=P1-4
Removed Pin From Net: NetName=GND Pin=P1-6
Removed Pin From Net: NetName=VCC Pin=P1-7
Removed Pin From Net: NetName=GND Pin=P1-8
Removed Pin From Net: NetName=VCC Pin=P1-9
Removed Pin From Net: NetName=GND Pin=P1-10
Removed Pin From Net: NetName=GND Pin=P2-2
Removed Pin From Net: NetName=TPS_EN Pin=P2-10
Added Pin To Net: NetName=TPS_EN Pin=P1-1
Added Pin To Net: NetName=V_HARVEST Pin=P1-2
Added Pin To Net: NetName=GND Pin=P1-3
Added Pin To Net: NetName=V_HARVEST Pin=P1-4
Added Pin To Net: NetName=V_HARVEST Pin=P1-4
Added Pin To Net: NetName=V_HARVEST Pin=P1-4
Added Pin To Net: NetName=V_HARVEST Pin=P1-6
Added Pin To Net: NetName=GND Pin=P1-7
Added Pin To Net: NetName=V_HARVEST Pin=P1-8
Added Pin To Net: NetName=GND Pin=P1-9
Added Pin To Net: NetName=V_HARVEST Pin=P1-10
Added Pin To Net: NetName=TPS_EN Pin=P2-2
Added Pin To Net: NetName=GND Pin=P2-10
