Change Component Comment : Designator=P2 Old Comment=Header 5X2 New Comment=Front
Change Component Description : Designator=P2 Old Description=Header, 5-Pin, Dual row New Description=Front board connector
Change component parameters: Designator = "P2"; Footprint = "CLE-105-01-X-DV"; UniqueID = "\FRSNVFDP"
Change component parameters. Clean all parameters for all variants
Change component parameters (AddParameter): Name = "LatestRevisionDate"; Value = "17-Jul-2002"; VariantName = "[No Variations]"
Change component parameters (AddParameter): Name = "LatestRevisionNote"; Value = "Re-released for DXP Platform."; VariantName = "[No Variations]"
Change component parameters (AddParameter): Name = "Publisher"; Value = "Altium Limited"; VariantName = "[No Variations]"
Change component parameters (AddParameter): Name = "System"; Value = "Connector"; VariantName = "[No Variations]"
Added Component: Designator=P1(CLE-105-01-X-DV)
Add component. Clean all parameters for all variants
Add component (AddParameter): Name = "LatestRevisionDate"; Value = "17-Jul-2002"; VariantName = "[No Variations]"
Add component (AddParameter): Name = "LatestRevisionNote"; Value = "Re-released for DXP Platform."; VariantName = "[No Variations]"
Add component (AddParameter): Name = "Publisher"; Value = "Altium Limited"; VariantName = "[No Variations]"
Add component (AddParameter): Name = "System"; Value = "Connector"; VariantName = "[No Variations]"
Added Pin To Net: NetName=V_HARVEST Pin=P1-1
Added Pin To Net: NetName=TPS_EN Pin=P1-2
Added Pin To Net: NetName=V_HARVEST Pin=P1-3
Added Pin To Net: NetName=MSP_RST Pin=P1-4
Added Pin To Net: NetName=MSP_RST Pin=P1-4
Added Pin To Net: NetName=MSP_RST Pin=P1-4
Added Pin To Net: NetName=V_HARVEST Pin=P1-5
Added Pin To Net: NetName=VCC Pin=P1-6
Added Pin To Net: NetName=GND Pin=P1-7
Added Pin To Net: NetName=VCC Pin=P1-8
Added Pin To Net: NetName=GND Pin=P1-9
Added Pin To Net: NetName=VCC Pin=P1-10
