Removed Pin From Net: NetName=GND Pin=P1-2
Removed Pin From Net: NetName=V_HARVEST Pin=P1-5
Removed Pin From Net: NetName=V_HARVEST Pin=P1-7
Removed Pin From Net: NetName=V_HARVEST Pin=P1-9
Removed Pin From Net: NetName=GND Pin=P2-1
Removed Pin From Net: NetName=GND Pin=P2-3
Removed Pin From Net: NetName=GND Pin=P2-5
Removed Pin From Net: NetName=GND Pin=P2-7
Removed Pin From Net: NetName=GND Pin=P2-9
Removed Pin From Net: NetName=GND Pin=P2-10
Added Pin To Net: NetName=GND Pin=P1-5
Added Pin To Net: NetName=TPS_EN Pin=P1-2
Added Pin To Net: NetName=TPS_EN Pin=P2-10
Added Net: Name=TPS_EN
Added Pin To Net: NetName=VCC Pin=P1-7
Added Pin To Net: NetName=VCC Pin=P1-9
Added Pin To Net: NetName=VCC Pin=P2-1
Added Pin To Net: NetName=VCC Pin=P2-3
Added Pin To Net: NetName=VCC Pin=P2-5
Added Pin To Net: NetName=VCC Pin=P2-7
Added Pin To Net: NetName=VCC Pin=P2-9
Added Net: Name=VCC
